# JRE version: Java(TM) SE Runtime Environment (8.0_77-b03) (build 1.8.0_77-b03)
# Java VM: Java HotSpot(TM) 64-Bit Server VM (25.77-b03 mixed mode windows-amd64 compressed oops)
Heap:
 PSYoungGen      total 101376K, used 38085K [0x00000000d5e00000, 0x00000000de200000, 0x0000000100000000)
  eden space 89088K, 42% used [0x00000000d5e00000,0x00000000d83316e0,0x00000000db500000)
  from space 12288K, 0% used [0x00000000dc100000,0x00000000dc100000,0x00000000dcd00000)
  to   space 12288K, 0% used [0x00000000db500000,0x00000000db500000,0x00000000dc100000)
 ParOldGen       total 61952K, used 16567K [0x0000000081a00000, 0x0000000085680000, 0x00000000d5e00000)
  object space 61952K, 26% used [0x0000000081a00000,0x0000000082a2deb0,0x0000000085680000)
 Metaspace       used 34824K, capacity 36360K, committed 36568K, reserved 1081344K
  class space    used 4461K, capacity 4750K, committed 4864K, reserved 1048576K
GC Heap History (10 events):
Event: 5.255 GC heap before
{Heap before GC invocations=6 (full 1):
 PSYoungGen      total 71680K, used 66560K [0x00000000d5e00000, 0x00000000da900000, 0x0000000100000000)
  eden space 66560K, 100% used [0x00000000d5e00000,0x00000000d9f00000,0x00000000d9f00000)
  from space 5120K, 0% used [0x00000000da400000,0x00000000da400000,0x00000000da900000)
  to   space 5120K, 0% used [0x00000000d9f00000,0x00000000d9f00000,0x00000000da400000)
 ParOldGen       total 61952K, used 8189K [0x0000000081a00000, 0x0000000085680000, 0x00000000d5e00000)
  object space 61952K, 13% used [0x0000000081a00000,0x00000000821ff7d0,0x0000000085680000)
 Metaspace       used 26808K, capacity 27684K, committed 27776K, reserved 1073152K
  class space    used 3434K, capacity 3647K, committed 3712K, reserved 1048576K
Event: 5.264 GC heap after
Heap after GC invocations=6 (full 1):
 PSYoungGen      total 71680K, used 5114K [0x00000000d5e00000, 0x00000000da900000, 0x0000000100000000)
  eden space 66560K, 0% used [0x00000000d5e00000,0x00000000d5e00000,0x00000000d9f00000)
  from space 5120K, 99% used [0x00000000d9f00000,0x00000000da3febb8,0x00000000da400000)
  to   space 5120K, 0% used [0x00000000da400000,0x00000000da400000,0x00000000da900000)
 ParOldGen       total 61952K, used 10225K [0x0000000081a00000, 0x0000000085680000, 0x00000000d5e00000)
  object space 61952K, 16% used [0x0000000081a00000,0x00000000823fc468,0x0000000085680000)
 Metaspace       used 26808K, capacity 27684K, committed 27776K, reserved 1073152K
  class space    used 3434K, capacity 3647K, committed 3712K, reserved 1048576K
}
Event: 6.343 GC heap before
{Heap before GC invocations=7 (full 1):
 PSYoungGen      total 71680K, used 71674K [0x00000000d5e00000, 0x00000000da900000, 0x0000000100000000)
  eden space 66560K, 100% used [0x00000000d5e00000,0x00000000d9f00000,0x00000000d9f00000)
  from space 5120K, 99% used [0x00000000d9f00000,0x00000000da3febb8,0x00000000da400000)
  to   space 5120K, 0% used [0x00000000da400000,0x00000000da400000,0x00000000da900000)
 ParOldGen       total 61952K, used 10225K [0x0000000081a00000, 0x0000000085680000, 0x00000000d5e00000)
  object space 61952K, 16% used [0x0000000081a00000,0x00000000823fc468,0x0000000085680000)
 Metaspace       used 29004K, capacity 30106K, committed 30208K, reserved 1075200K
  class space    used 3748K, capacity 4012K, committed 4096K, reserved 1048576K
Event: 6.351 GC heap after
Heap after GC invocations=7 (full 1):
 PSYoungGen      total 67584K, used 5108K [0x00000000d5e00000, 0x00000000dce80000, 0x0000000100000000)
  eden space 62464K, 0% used [0x00000000d5e00000,0x00000000d5e00000,0x00000000d9b00000)
  from space 5120K, 99% used [0x00000000da400000,0x00000000da8fd030,0x00000000da900000)
  to   space 9216K, 0% used [0x00000000d9b00000,0x00000000d9b00000,0x00000000da400000)
 ParOldGen       total 61952K, used 13237K [0x0000000081a00000, 0x0000000085680000, 0x00000000d5e00000)
  object space 61952K, 21% used [0x0000000081a00000,0x00000000826ed628,0x0000000085680000)
 Metaspace       used 29004K, capacity 30106K, committed 30208K, reserved 1075200K
  class space    used 3748K, capacity 4012K, committed 4096K, reserved 1048576K
}
Event: 7.961 GC heap before
{Heap before GC invocations=8 (full 1):
 PSYoungGen      total 67584K, used 67572K [0x00000000d5e00000, 0x00000000dce80000, 0x0000000100000000)
  eden space 62464K, 100% used [0x00000000d5e00000,0x00000000d9b00000,0x00000000d9b00000)
  from space 5120K, 99% used [0x00000000da400000,0x00000000da8fd030,0x00000000da900000)
  to   space 9216K, 0% used [0x00000000d9b00000,0x00000000d9b00000,0x00000000da400000)
 ParOldGen       total 61952K, used 13237K [0x0000000081a00000, 0x0000000085680000, 0x00000000d5e00000)
  object space 61952K, 21% used [0x0000000081a00000,0x00000000826ed628,0x0000000085680000)
 Metaspace       used 33392K, capacity 34974K, committed 35200K, reserved 1079296K
  class space    used 4306K, capacity 4615K, committed 4736K, reserved 1048576K
Event: 7.973 GC heap after
Heap after GC invocations=8 (full 1):
 PSYoungGen      total 71680K, used 9196K [0x00000000d5e00000, 0x00000000dcd00000, 0x0000000100000000)
  eden space 62464K, 0% used [0x00000000d5e00000,0x00000000d5e00000,0x00000000d9b00000)
  from space 9216K, 99% used [0x00000000d9b00000,0x00000000da3fb050,0x00000000da400000)
  to   space 12288K, 0% used [0x00000000dc100000,0x00000000dc100000,0x00000000dcd00000)
 ParOldGen       total 61952K, used 17264K [0x0000000081a00000, 0x0000000085680000, 0x00000000d5e00000)
  object space 61952K, 27% used [0x0000000081a00000,0x0000000082adc0d8,0x0000000085680000)
 Metaspace       used 33392K, capacity 34974K, committed 35200K, reserved 1079296K
  class space    used 4306K, capacity 4615K, committed 4736K, reserved 1048576K
}
Event: 8.039 GC heap before
{Heap before GC invocations=9 (full 1):
 PSYoungGen      total 71680K, used 13177K [0x00000000d5e00000, 0x00000000dcd00000, 0x0000000100000000)
  eden space 62464K, 6% used [0x00000000d5e00000,0x00000000d61e3780,0x00000000d9b00000)
  from space 9216K, 99% used [0x00000000d9b00000,0x00000000da3fb050,0x00000000da400000)
  to   space 12288K, 0% used [0x00000000dc100000,0x00000000dc100000,0x00000000dcd00000)
 ParOldGen       total 61952K, used 17264K [0x0000000081a00000, 0x0000000085680000, 0x00000000d5e00000)
  object space 61952K, 27% used [0x0000000081a00000,0x0000000082adc0d8,0x0000000085680000)
 Metaspace       used 33743K, capacity 35268K, committed 35416K, reserved 1079296K
  class space    used 4343K, capacity 4648K, committed 4736K, reserved 1048576K
Event: 8.052 GC heap after
Heap after GC invocations=9 (full 1):
 PSYoungGen      total 101376K, used 9702K [0x00000000d5e00000, 0x00000000de200000, 0x0000000100000000)
  eden space 89088K, 0% used [0x00000000d5e00000,0x00000000d5e00000,0x00000000db500000)
  from space 12288K, 78% used [0x00000000dc100000,0x00000000dca79b08,0x00000000dcd00000)
  to   space 12288K, 0% used [0x00000000db500000,0x00000000db500000,0x00000000dc100000)
 ParOldGen       total 61952K, used 17264K [0x0000000081a00000, 0x0000000085680000, 0x00000000d5e00000)
  object space 61952K, 27% used [0x0000000081a00000,0x0000000082adc0d8,0x0000000085680000)
 Metaspace       used 33743K, capacity 35268K, committed 35416K, reserved 1079296K
  class space    used 4343K, capacity 4648K, committed 4736K, reserved 1048576K
}
Event: 8.052 GC heap before
{Heap before GC invocations=10 (full 2):
 PSYoungGen      total 101376K, used 9702K [0x00000000d5e00000, 0x00000000de200000, 0x0000000100000000)
  eden space 89088K, 0% used [0x00000000d5e00000,0x00000000d5e00000,0x00000000db500000)
  from space 12288K, 78% used [0x00000000dc100000,0x00000000dca79b08,0x00000000dcd00000)
  to   space 12288K, 0% used [0x00000000db500000,0x00000000db500000,0x00000000dc100000)
 ParOldGen       total 61952K, used 17264K [0x0000000081a00000, 0x0000000085680000, 0x00000000d5e00000)
  object space 61952K, 27% used [0x0000000081a00000,0x0000000082adc0d8,0x0000000085680000)
 Metaspace       used 33743K, capacity 35268K, committed 35416K, reserved 1079296K
  class space    used 4343K, capacity 4648K, committed 4736K, reserved 1048576K
Event: 8.129 GC heap after
Heap after GC invocations=10 (full 2):
 PSYoungGen      total 101376K, used 0K [0x00000000d5e00000, 0x00000000de200000, 0x0000000100000000)
  eden space 89088K, 0% used [0x00000000d5e00000,0x00000000d5e00000,0x00000000db500000)
  from space 12288K, 0% used [0x00000000dc100000,0x00000000dc100000,0x00000000dcd00000)
  to   space 12288K, 0% used [0x00000000db500000,0x00000000db500000,0x00000000dc100000)
 ParOldGen       total 61952K, used 16567K [0x0000000081a00000, 0x0000000085680000, 0x00000000d5e00000)
  object space 61952K, 26% used [0x0000000081a00000,0x0000000082a2deb0,0x0000000085680000)
 Metaspace       used 33743K, capacity 35268K, committed 35416K, reserved 1079296K
  class space    used 4343K, capacity 4648K, committed 4736K, reserved 1048576K
}

