# JRE version: Java(TM) SE Runtime Environment (8.0_77-b03) (build 1.8.0_77-b03)
# Java VM: Java HotSpot(TM) 64-Bit Server VM (25.77-b03 mixed mode windows-amd64 compressed oops)
Heap:
 PSYoungGen      total 108032K, used 27712K [0x00000000d5e00000, 0x00000000dd280000, 0x0000000100000000)
  eden space 99840K, 19% used [0x00000000d5e00000,0x00000000d7117500,0x00000000dbf80000)
  from space 8192K, 99% used [0x00000000dca80000,0x00000000dd278bf0,0x00000000dd280000)
  to   space 9216K, 0% used [0x00000000dc080000,0x00000000dc080000,0x00000000dc980000)
 ParOldGen       total 60416K, used 19271K [0x0000000081a00000, 0x0000000085500000, 0x00000000d5e00000)
  object space 60416K, 31% used [0x0000000081a00000,0x0000000082cd1da8,0x0000000085500000)
 Metaspace       used 40922K, capacity 42582K, committed 42880K, reserved 1087488K
  class space    used 5185K, capacity 5474K, committed 5504K, reserved 1048576K
GC Heap History (10 events):
Event: 3.498 GC heap before
{Heap before GC invocations=5 (full 1):
 PSYoungGen      total 71680K, used 5089K [0x00000000d5e00000, 0x00000000da900000, 0x0000000100000000)
  eden space 66560K, 0% used [0x00000000d5e00000,0x00000000d5e00000,0x00000000d9f00000)
  from space 5120K, 99% used [0x00000000da400000,0x00000000da8f8448,0x00000000da900000)
  to   space 5120K, 0% used [0x00000000d9f00000,0x00000000d9f00000,0x00000000da400000)
 ParOldGen       total 87552K, used 9266K [0x0000000081a00000, 0x0000000086f80000, 0x00000000d5e00000)
  object space 87552K, 10% used [0x0000000081a00000,0x000000008230c878,0x0000000086f80000)
 Metaspace       used 20634K, capacity 21218K, committed 21248K, reserved 1067008K
  class space    used 2603K, capacity 2792K, committed 2816K, reserved 1048576K
Event: 3.529 GC heap after
Heap after GC invocations=5 (full 1):
 PSYoungGen      total 71680K, used 0K [0x00000000d5e00000, 0x00000000da900000, 0x0000000100000000)
  eden space 66560K, 0% used [0x00000000d5e00000,0x00000000d5e00000,0x00000000d9f00000)
  from space 5120K, 0% used [0x00000000da400000,0x00000000da400000,0x00000000da900000)
  to   space 5120K, 0% used [0x00000000d9f00000,0x00000000d9f00000,0x00000000da400000)
 ParOldGen       total 60416K, used 8226K [0x0000000081a00000, 0x0000000085500000, 0x00000000d5e00000)
  object space 60416K, 13% used [0x0000000081a00000,0x0000000082208bf0,0x0000000085500000)
 Metaspace       used 20634K, capacity 21218K, committed 21248K, reserved 1067008K
  class space    used 2603K, capacity 2792K, committed 2816K, reserved 1048576K
}
Event: 5.813 GC heap before
{Heap before GC invocations=6 (full 1):
 PSYoungGen      total 71680K, used 66560K [0x00000000d5e00000, 0x00000000da900000, 0x0000000100000000)
  eden space 66560K, 100% used [0x00000000d5e00000,0x00000000d9f00000,0x00000000d9f00000)
  from space 5120K, 0% used [0x00000000da400000,0x00000000da400000,0x00000000da900000)
  to   space 5120K, 0% used [0x00000000d9f00000,0x00000000d9f00000,0x00000000da400000)
 ParOldGen       total 60416K, used 8226K [0x0000000081a00000, 0x0000000085500000, 0x00000000d5e00000)
  object space 60416K, 13% used [0x0000000081a00000,0x0000000082208bf0,0x0000000085500000)
 Metaspace       used 26787K, capacity 27716K, committed 27776K, reserved 1073152K
  class space    used 3436K, capacity 3679K, committed 3712K, reserved 1048576K
Event: 5.820 GC heap after
Heap after GC invocations=6 (full 1):
 PSYoungGen      total 71680K, used 5118K [0x00000000d5e00000, 0x00000000dd380000, 0x0000000100000000)
  eden space 66560K, 0% used [0x00000000d5e00000,0x00000000d5e00000,0x00000000d9f00000)
  from space 5120K, 99% used [0x00000000d9f00000,0x00000000da3ffa18,0x00000000da400000)
  to   space 9216K, 0% used [0x00000000dca80000,0x00000000dca80000,0x00000000dd380000)
 ParOldGen       total 60416K, used 10234K [0x0000000081a00000, 0x0000000085500000, 0x00000000d5e00000)
  object space 60416K, 16% used [0x0000000081a00000,0x00000000823feb00,0x0000000085500000)
 Metaspace       used 26787K, capacity 27716K, committed 27776K, reserved 1073152K
  class space    used 3436K, capacity 3679K, committed 3712K, reserved 1048576K
}
Event: 7.116 GC heap before
{Heap before GC invocations=7 (full 1):
 PSYoungGen      total 71680K, used 71678K [0x00000000d5e00000, 0x00000000dd380000, 0x0000000100000000)
  eden space 66560K, 100% used [0x00000000d5e00000,0x00000000d9f00000,0x00000000d9f00000)
  from space 5120K, 99% used [0x00000000d9f00000,0x00000000da3ffa18,0x00000000da400000)
  to   space 9216K, 0% used [0x00000000dca80000,0x00000000dca80000,0x00000000dd380000)
 ParOldGen       total 60416K, used 10234K [0x0000000081a00000, 0x0000000085500000, 0x00000000d5e00000)
  object space 60416K, 16% used [0x0000000081a00000,0x00000000823feb00,0x0000000085500000)
 Metaspace       used 28978K, capacity 30002K, committed 30208K, reserved 1075200K
  class space    used 3748K, capacity 3980K, committed 4096K, reserved 1048576K
Event: 7.125 GC heap after
Heap after GC invocations=7 (full 1):
 PSYoungGen      total 108032K, used 8125K [0x00000000d5e00000, 0x00000000dd280000, 0x0000000100000000)
  eden space 99840K, 0% used [0x00000000d5e00000,0x00000000d5e00000,0x00000000dbf80000)
  from space 8192K, 99% used [0x00000000dca80000,0x00000000dd26f7f8,0x00000000dd280000)
  to   space 9216K, 0% used [0x00000000dc080000,0x00000000dc080000,0x00000000dc980000)
 ParOldGen       total 60416K, used 10242K [0x0000000081a00000, 0x0000000085500000, 0x00000000d5e00000)
  object space 60416K, 16% used [0x0000000081a00000,0x0000000082400b00,0x0000000085500000)
 Metaspace       used 28978K, capacity 30002K, committed 30208K, reserved 1075200K
  class space    used 3748K, capacity 3980K, committed 4096K, reserved 1048576K
}
Event: 8.860 GC heap before
{Heap before GC invocations=8 (full 1):
 PSYoungGen      total 108032K, used 75660K [0x00000000d5e00000, 0x00000000dd280000, 0x0000000100000000)
  eden space 99840K, 67% used [0x00000000d5e00000,0x00000000d9ff3b08,0x00000000dbf80000)
  from space 8192K, 99% used [0x00000000dca80000,0x00000000dd26f7f8,0x00000000dd280000)
  to   space 9216K, 0% used [0x00000000dc080000,0x00000000dc080000,0x00000000dc980000)
 ParOldGen       total 60416K, used 10242K [0x0000000081a00000, 0x0000000085500000, 0x00000000d5e00000)
  object space 60416K, 16% used [0x0000000081a00000,0x0000000082400b00,0x0000000085500000)
 Metaspace       used 33741K, capacity 35328K, committed 35416K, reserved 1079296K
  class space    used 4346K, capacity 4648K, committed 4736K, reserved 1048576K
Event: 8.874 GC heap after
Heap after GC invocations=8 (full 1):
 PSYoungGen      total 109056K, used 9213K [0x00000000d5e00000, 0x00000000dd280000, 0x0000000100000000)
  eden space 99840K, 0% used [0x00000000d5e00000,0x00000000d5e00000,0x00000000dbf80000)
  from space 9216K, 99% used [0x00000000dc080000,0x00000000dc97f680,0x00000000dc980000)
  to   space 8192K, 0% used [0x00000000dca80000,0x00000000dca80000,0x00000000dd280000)
 ParOldGen       total 60416K, used 14819K [0x0000000081a00000, 0x0000000085500000, 0x00000000d5e00000)
  object space 60416K, 24% used [0x0000000081a00000,0x0000000082878f68,0x0000000085500000)
 Metaspace       used 33741K, capacity 35328K, committed 35416K, reserved 1079296K
  class space    used 4346K, capacity 4648K, committed 4736K, reserved 1048576K
}
Event: 8.874 GC heap before
{Heap before GC invocations=9 (full 2):
 PSYoungGen      total 109056K, used 9213K [0x00000000d5e00000, 0x00000000dd280000, 0x0000000100000000)
  eden space 99840K, 0% used [0x00000000d5e00000,0x00000000d5e00000,0x00000000dbf80000)
  from space 9216K, 99% used [0x00000000dc080000,0x00000000dc97f680,0x00000000dc980000)
  to   space 8192K, 0% used [0x00000000dca80000,0x00000000dca80000,0x00000000dd280000)
 ParOldGen       total 60416K, used 14819K [0x0000000081a00000, 0x0000000085500000, 0x00000000d5e00000)
  object space 60416K, 24% used [0x0000000081a00000,0x0000000082878f68,0x0000000085500000)
 Metaspace       used 33741K, capacity 35328K, committed 35416K, reserved 1079296K
  class space    used 4346K, capacity 4648K, committed 4736K, reserved 1048576K
Event: 8.966 GC heap after
Heap after GC invocations=9 (full 2):
 PSYoungGen      total 109056K, used 0K [0x00000000d5e00000, 0x00000000dd280000, 0x0000000100000000)
  eden space 99840K, 0% used [0x00000000d5e00000,0x00000000d5e00000,0x00000000dbf80000)
  from space 9216K, 0% used [0x00000000dc080000,0x00000000dc080000,0x00000000dc980000)
  to   space 8192K, 0% used [0x00000000dca80000,0x00000000dca80000,0x00000000dd280000)
 ParOldGen       total 60416K, used 18233K [0x0000000081a00000, 0x0000000085500000, 0x00000000d5e00000)
  object space 60416K, 30% used [0x0000000081a00000,0x0000000082bce7a8,0x0000000085500000)
 Metaspace       used 33741K, capacity 35328K, committed 35416K, reserved 1079296K
  class space    used 4346K, capacity 4648K, committed 4736K, reserved 1048576K
}

